[debug] [2020-02-08T11:07:10.059Z] ----------------------------------------------------------------------
[debug] [2020-02-08T11:07:10.061Z] Command:       C:\Program Files\nodejs\node.exe C:\Users\Zaiyr\AppData\Roaming\npm\node_modules\firebase-tools\lib\bin\firebase.js deploy
[debug] [2020-02-08T11:07:10.061Z] CLI Version:   7.8.1
[debug] [2020-02-08T11:07:10.061Z] Platform:      win32
[debug] [2020-02-08T11:07:10.062Z] Node Version:  v10.16.0
[debug] [2020-02-08T11:07:10.064Z] Time:          Sat Feb 08 2020 17:07:10 GMT+0600 (East Kazakhstan Time)
[debug] [2020-02-08T11:07:10.064Z] ----------------------------------------------------------------------
[debug] [2020-02-08T11:07:10.064Z] 
[debug] [2020-02-08T11:07:10.076Z] > command requires scopes: ["email","openid","https://www.googleapis.com/auth/cloudplatformprojects.readonly","https://www.googleapis.com/auth/firebase","https://www.googleapis.com/auth/cloud-platform"]
[debug] [2020-02-08T11:07:10.077Z] > authorizing via signed-in user
[debug] [2020-02-08T11:07:10.077Z] [iam] checking project readinglist-51be9 for permissions ["firebase.projects.get","firebasehosting.sites.update"]
[debug] [2020-02-08T11:07:10.079Z] >>> HTTP REQUEST POST https://cloudresourcemanager.googleapis.com/v1/projects/readinglist-51be9:testIamPermissions  

[debug] [2020-02-08T11:07:11.464Z] <<< HTTP RESPONSE 200
[debug] [2020-02-08T11:07:11.466Z] >>> HTTP REQUEST GET https://firebase.googleapis.com/v1beta1/projects/readinglist-51be9  
 
[debug] [2020-02-08T11:07:12.167Z] <<< HTTP RESPONSE 200
[info] 
[info] === Deploying to 'readinglist-51be9'...
[info] 
[info] i  deploying hosting
[debug] [2020-02-08T11:07:12.176Z] >>> HTTP REQUEST POST https://firebasehosting.googleapis.com/v1beta1/sites/readinglist-51be9/versions  

[debug] [2020-02-08T11:07:23.448Z] <<< HTTP RESPONSE 503
[debug] [2020-02-08T11:07:23.448Z] <<< HTTP RESPONSE BODY
[error] 
[error] Error: HTTP Error: 503, The service is currently unavailable.
[debug] [2020-02-08T11:07:23.772Z] Error Context: {
  "body": {
    "error": {
      "code": 503,
      "message": "The service is currently unavailable.",
      "status": "UNAVAILABLE"
    }
  },
  "response": {
    "statusCode": 503,
    "body": {
      "error": {
        "code": 503,
        "message": "The service is currently unavailable.",
        "status": "UNAVAILABLE"
      }
    },
    "headers": {
      "vary": "X-Origin, Referer, Origin,Accept-Encoding",
      "content-type": "application/json; charset=UTF-8",
      "date": "Sat, 08 Feb 2020 11:07:23 GMT",
      "server": "ESF",
      "cache-control": "private",
      "x-xss-protection": "0",
      "x-frame-options": "SAMEORIGIN",
      "x-content-type-options": "nosniff",
      "alt-svc": "quic=\":443\"; ma=2592000; v=\"46,43\",h3-Q050=\":443\"; ma=2592000,h3-Q049=\":443\"; ma=2592000,h3-Q048=\":443\"; ma=2592000,h3-Q046=\":443\"; ma=2592000,h3-Q043=\":443\"; ma=2592000",
      "accept-ranges": "none",
      "transfer-encoding": "chunked"
    },
    "request": {
      "uri": {
        "protocol": "https:",
        "slashes": true,
        "auth": null,
        "host": "firebasehosting.googleapis.com",
        "port": 443,
        "hostname": "firebasehosting.googleapis.com",
        "hash": null,
        "search": null,
        "query": null,
        "pathname": "/v1beta1/sites/readinglist-51be9/versions",
        "path": "/v1beta1/sites/readinglist-51be9/versions",
        "href": "https://firebasehosting.googleapis.com/v1beta1/sites/readinglist-51be9/versions"
      },
      "method": "POST"
    }
  }
}
